15:51:20.195 karate.env system property was: null 
15:51:20.201 request:
1 > GET http://fakerestapi.azurewebsites.net/api/Books/1
1 > Accept-Encoding: gzip,deflate
1 > Connection: Keep-Alive
1 > Host: fakerestapi.azurewebsites.net
1 > User-Agent: Apache-HttpClient/4.5.5 (Java/1.8.0_221)

15:51:20.643 response time in milliseconds: 441.52
1 < 200
1 < Cache-Control: no-cache
1 < Content-Type: application/json; charset=utf-8
1 < Date: Tue, 17 Dec 2019 17:51:22 GMT
1 < Expires: -1
1 < Pragma: no-cache
1 < Server: Microsoft-IIS/10.0
1 < Set-Cookie: ARRAffinity=4b62b3ca330ad84db206d5706027a4b931d5c324f6f2385abed4e705071c736d;Path=/;HttpOnly;Domain=fakerestapi.azurewebsites.net
1 < Vary: Accept-Encoding
1 < X-AspNet-Version: 4.0.30319
1 < X-Powered-By: ASP.NET
{"ID":1,"Title":"Book 1","Description":"Lorem lorem lorem. Lorem lorem lorem. Lorem lorem lorem.\r\n","PageCount":100,"Excerpt":"Lorem lorem lorem. Lorem lorem lorem. Lorem lorem lorem.\r\nLorem lorem lorem. Lorem lorem lorem. Lorem lorem lorem.\r\nLorem lorem lorem. Lorem lorem lorem. Lorem lorem lorem.\r\nLorem lorem lorem. Lorem lorem lorem. Lorem lorem lorem.\r\nLorem lorem lorem. Lorem lorem lorem. Lorem lorem lorem.\r\n","PublishDate":"2019-12-16T17:51:23.5846474+00:00"}

